2019-12-27T17:18:50+00:00 INFO Generating payment form for order 227. Notify URL: http://localhost:1234/wordpress/wc-api/WC_Gateway_Paypal/
2019-12-27T17:18:50+00:00 INFO PayPal Request Args for order 227: Array
(
    [cmd] => _cart
    [business] => yj27011995@gmail.com
    [no_note] => 1
    [currency_code] => CAD
    [charset] => utf-8
    [rm] => 1
    [upload] => 1
    [return] => http://localhost:1234/wordpress/order-received/227/?key=wc_order_29VUHL5UTNsJc&utm_nooverride=1
    [cancel_return] => http://localhost:1234/wordpress/?cancel_order=true&order=wc_order_29VUHL5UTNsJc&order_id=227&redirect&_wpnonce=df25e42078
    [page_style] => 
    [image_url] => 
    [paymentaction] => authorization
    [invoice] => WC-227
    [custom] => {"order_id":227,"order_key":"wc_order_29VUHL5UTNsJc"}
    [notify_url] => http://localhost:1234/wordpress/wc-api/WC_Gateway_Paypal/
    [first_name] => ***
    [last_name] => ***
    [address1] => ***
    [address2] => ***
    [city] => ***
    [state] => ***
    [zip] => ***
    [country] => ***
    [email] => ***@***
    [night_phone_a] => ***
    [night_phone_b] => ***
    [night_phone_c] => ***
    [address_override] => 1
    [no_shipping] => 0
    [tax_cart] => 4.39
    [discount_amount_cart] => 11.25
    [item_name_1] => Pepe Jeans
    [quantity_1] => 1
    [amount_1] => 45
    [item_number_1] => HHJ0-09
    [bn] => WooThemes_Cart
)

